#! /usr/bin/vvp
:ivl_version "10.1 (stable)";
:ivl_delay_selection "TYPICAL";
:vpi_time_precision + 0;
:vpi_module "system";
:vpi_module "vhdl_sys";
:vpi_module "v2005_math";
:vpi_module "va_math";
S_0x564067b60ba0 .scope module, "dlatch" "dlatch" 2 1;
 .timescale 0 0;
    .port_info 0 /INPUT 1 "d"
    .port_info 1 /INPUT 1 "en"
    .port_info 2 /OUTPUT 1 "q"
o0x7f78c4309018 .functor BUFZ 1, C4<z>; HiZ drive
v0x564067b55470_0 .net "d", 0 0, o0x7f78c4309018;  0 drivers
o0x7f78c4309048 .functor BUFZ 1, C4<z>; HiZ drive
v0x564067b7fff0_0 .net "en", 0 0, o0x7f78c4309048;  0 drivers
v0x564067b800b0_0 .var "q", 0 0;
E_0x564067b55a30 .event edge, v0x564067b55470_0, v0x564067b7fff0_0;
S_0x564067b5fc80 .scope module, "main" "main" 3 6;
 .timescale 0 0;
    .port_info 0 /INPUT 1 "P1"
    .port_info 1 /INPUT 1 "P2"
    .port_info 2 /INPUT 1 "P3"
    .port_info 3 /INPUT 1 "P4"
    .port_info 4 /OUTPUT 7 "out"
o0x7f78c4309948 .functor BUFZ 1, C4<z>; HiZ drive
L_0x564067b83600 .functor NOT 1, o0x7f78c4309948, C4<0>, C4<0>, C4<0>;
o0x7f78c4309978 .functor BUFZ 1, C4<z>; HiZ drive
L_0x564067b836e0 .functor NOT 1, o0x7f78c4309978, C4<0>, C4<0>, C4<0>;
o0x7f78c43099a8 .functor BUFZ 1, C4<z>; HiZ drive
L_0x564067b837c0 .functor NOT 1, o0x7f78c43099a8, C4<0>, C4<0>, C4<0>;
o0x7f78c43099d8 .functor BUFZ 1, C4<z>; HiZ drive
L_0x564067b83880 .functor NOT 1, o0x7f78c43099d8, C4<0>, C4<0>, C4<0>;
L_0x564067b83940 .functor OR 1, o0x7f78c4309948, o0x7f78c4309978, o0x7f78c43099a8, o0x7f78c43099d8;
L_0x564067b83c50 .functor NAND 1, L_0x564067b83e20, L_0x564067b83f60, L_0x564067b84050, L_0x564067b841d0;
L_0x564067b84270 .functor NAND 1, L_0x564067b83c50, L_0x564067b83c50, L_0x564067b83c50, L_0x564067b83940;
v0x564067b82490_0 .net "P1", 0 0, o0x7f78c4309948;  0 drivers
v0x564067b82550_0 .net "P2", 0 0, o0x7f78c4309978;  0 drivers
v0x564067b82610_0 .net "P3", 0 0, o0x7f78c43099a8;  0 drivers
v0x564067b826e0_0 .net "P4", 0 0, o0x7f78c43099d8;  0 drivers
v0x564067b827a0_0 .net *"_s10", 0 0, L_0x564067b83e20;  1 drivers
v0x564067b828d0_0 .net *"_s12", 0 0, L_0x564067b83f60;  1 drivers
v0x564067b829b0_0 .net *"_s14", 0 0, L_0x564067b84050;  1 drivers
v0x564067b82a90_0 .net *"_s16", 0 0, L_0x564067b841d0;  1 drivers
L_0x7f78c42c0018 .functor BUFT 1, C4<000000>, C4<0>, C4<0>, C4<0>;
v0x564067b82b70_0 .net *"_s20", 5 0, L_0x7f78c42c0018;  1 drivers
v0x564067b82ce0_0 .net "en", 0 0, L_0x564067b84270;  1 drivers
v0x564067b82d80_0 .net "out", 6 0, v0x564067b805b0_0;  1 drivers
v0x564067b82e40_0 .net "r", 0 0, L_0x564067b83940;  1 drivers
v0x564067b82ee0_0 .net "w1", 0 0, L_0x564067b83600;  1 drivers
v0x564067b82f80_0 .net "w2", 0 0, L_0x564067b836e0;  1 drivers
v0x564067b83050_0 .net "w3", 0 0, L_0x564067b837c0;  1 drivers
v0x564067b83120_0 .net "w4", 0 0, L_0x564067b83880;  1 drivers
v0x564067b831f0_0 .net "w5", 3 0, L_0x564067b83b50;  1 drivers
v0x564067b833a0_0 .net "w6", 0 0, L_0x564067b83c50;  1 drivers
v0x564067b83440_0 .net "w7", 3 0, v0x564067b82250_0;  1 drivers
v0x564067b834e0_0 .net "w8", 3 0, L_0x564067b84be0;  1 drivers
L_0x564067b83b50 .concat8 [ 1 1 1 1], v0x564067b81870_0, v0x564067b817a0_0, v0x564067b81600_0, v0x564067b81d90_0;
L_0x564067b83e20 .part L_0x564067b83b50, 0, 1;
L_0x564067b83f60 .part L_0x564067b83b50, 1, 1;
L_0x564067b84050 .part L_0x564067b83b50, 2, 1;
L_0x564067b841d0 .part L_0x564067b83b50, 3, 1;
L_0x564067b843c0 .concat [ 4 6 0 0], L_0x564067b83b50, L_0x7f78c42c0018;
L_0x564067b846e0 .part v0x564067b82250_0, 0, 1;
L_0x564067b84820 .part v0x564067b82250_0, 1, 1;
L_0x564067b84960 .part v0x564067b82250_0, 2, 1;
L_0x564067b84ae0 .part v0x564067b82250_0, 3, 1;
L_0x564067b84be0 .concat8 [ 1 1 1 1], L_0x564067b83d20, L_0x564067b844a0, L_0x564067b84510, L_0x564067b845e0;
S_0x564067b80200 .scope module, "hexseven" "hexto7segment" 3 21, 4 1 0, S_0x564067b5fc80;
 .timescale 0 0;
    .port_info 0 /INPUT 4 "x"
    .port_info 1 /OUTPUT 7 "z"
v0x564067b804b0_0 .net "x", 3 0, L_0x564067b84be0;  alias, 1 drivers
v0x564067b805b0_0 .var "z", 6 0;
E_0x564067b80430 .event edge, v0x564067b804b0_0;
S_0x564067b806f0 .scope module, "invert" "hexinverter" 3 20, 5 1 0, S_0x564067b5fc80;
 .timescale 0 0;
    .port_info 0 /INPUT 1 "a"
    .port_info 1 /INPUT 1 "b"
    .port_info 2 /INPUT 1 "c"
    .port_info 3 /INPUT 1 "d"
    .port_info 4 /OUTPUT 1 "w"
    .port_info 5 /OUTPUT 1 "x"
    .port_info 6 /OUTPUT 1 "y"
    .port_info 7 /OUTPUT 1 "z"
L_0x564067b83d20 .functor NOT 1, L_0x564067b846e0, C4<0>, C4<0>, C4<0>;
L_0x564067b844a0 .functor NOT 1, L_0x564067b84820, C4<0>, C4<0>, C4<0>;
L_0x564067b84510 .functor NOT 1, L_0x564067b84960, C4<0>, C4<0>, C4<0>;
L_0x564067b845e0 .functor NOT 1, L_0x564067b84ae0, C4<0>, C4<0>, C4<0>;
v0x564067b809e0_0 .net "a", 0 0, L_0x564067b846e0;  1 drivers
v0x564067b80aa0_0 .net "b", 0 0, L_0x564067b84820;  1 drivers
v0x564067b80b60_0 .net "c", 0 0, L_0x564067b84960;  1 drivers
v0x564067b80c30_0 .net "d", 0 0, L_0x564067b84ae0;  1 drivers
v0x564067b80cf0_0 .net "w", 0 0, L_0x564067b83d20;  1 drivers
v0x564067b80e00_0 .net "x", 0 0, L_0x564067b844a0;  1 drivers
v0x564067b80ec0_0 .net "y", 0 0, L_0x564067b84510;  1 drivers
v0x564067b80f80_0 .net "z", 0 0, L_0x564067b845e0;  1 drivers
S_0x564067b81190 .scope module, "latch" "ic7475" 3 16, 6 2 0, S_0x564067b5fc80;
 .timescale 0 0;
    .port_info 0 /INPUT 1 "p2"
    .port_info 1 /INPUT 1 "p3"
    .port_info 2 /INPUT 1 "p6"
    .port_info 3 /INPUT 1 "p7"
    .port_info 4 /INPUT 1 "p13"
    .port_info 5 /INPUT 1 "p4"
    .port_info 6 /OUTPUT 1 "p16"
    .port_info 7 /OUTPUT 1 "p15"
    .port_info 8 /OUTPUT 1 "p10"
    .port_info 9 /OUTPUT 1 "p9"
v0x564067b81600_0 .var "p10", 0 0;
v0x564067b816e0_0 .net "p13", 0 0, L_0x564067b84270;  alias, 1 drivers
v0x564067b817a0_0 .var "p15", 0 0;
v0x564067b81870_0 .var "p16", 0 0;
v0x564067b81930_0 .net "p2", 0 0, L_0x564067b83600;  alias, 1 drivers
v0x564067b81a40_0 .net "p3", 0 0, L_0x564067b836e0;  alias, 1 drivers
v0x564067b81b00_0 .net "p4", 0 0, L_0x564067b84270;  alias, 1 drivers
v0x564067b81ba0_0 .net "p6", 0 0, L_0x564067b837c0;  alias, 1 drivers
v0x564067b81c40_0 .net "p7", 0 0, L_0x564067b83880;  alias, 1 drivers
v0x564067b81d90_0 .var "p9", 0 0;
E_0x564067b81470 .event edge, v0x564067b81c40_0, v0x564067b816e0_0;
E_0x564067b814d0 .event edge, v0x564067b81ba0_0, v0x564067b816e0_0;
E_0x564067b81530 .event edge, v0x564067b81a40_0, v0x564067b816e0_0;
E_0x564067b81590 .event edge, v0x564067b81930_0, v0x564067b816e0_0;
S_0x564067b81ff0 .scope module, "pen" "priority_encoder" 3 19, 7 1 0, S_0x564067b5fc80;
 .timescale 0 0;
    .port_info 0 /OUTPUT 4 "binary_out"
    .port_info 1 /INPUT 10 "encoder_in"
v0x564067b82250_0 .var "binary_out", 3 0;
v0x564067b82350_0 .net "encoder_in", 9 0, L_0x564067b843c0;  1 drivers
E_0x564067b821d0 .event edge, v0x564067b82350_0;
    .scope S_0x564067b60ba0;
T_0 ;
    %wait E_0x564067b55a30;
    %load/vec4 v0x564067b7fff0_0;
    %flag_set/vec4 8;
    %jmp/0xz  T_0.0, 8;
    %load/vec4 v0x564067b55470_0;
    %assign/vec4 v0x564067b800b0_0, 0;
T_0.0 ;
    %jmp T_0;
    .thread T_0, $push;
    .scope S_0x564067b81190;
T_1 ;
    %wait E_0x564067b81590;
    %load/vec4 v0x564067b816e0_0;
    %flag_set/vec4 8;
    %jmp/0xz  T_1.0, 8;
    %load/vec4 v0x564067b81930_0;
    %assign/vec4 v0x564067b81870_0, 0;
T_1.0 ;
    %jmp T_1;
    .thread T_1, $push;
    .scope S_0x564067b81190;
T_2 ;
    %wait E_0x564067b81530;
    %load/vec4 v0x564067b816e0_0;
    %flag_set/vec4 8;
    %jmp/0xz  T_2.0, 8;
    %load/vec4 v0x564067b81a40_0;
    %assign/vec4 v0x564067b817a0_0, 0;
T_2.0 ;
    %jmp T_2;
    .thread T_2, $push;
    .scope S_0x564067b81190;
T_3 ;
    %wait E_0x564067b814d0;
    %load/vec4 v0x564067b81b00_0;
    %flag_set/vec4 8;
    %jmp/0xz  T_3.0, 8;
    %load/vec4 v0x564067b81ba0_0;
    %assign/vec4 v0x564067b81600_0, 0;
T_3.0 ;
    %jmp T_3;
    .thread T_3, $push;
    .scope S_0x564067b81190;
T_4 ;
    %wait E_0x564067b81470;
    %load/vec4 v0x564067b81b00_0;
    %flag_set/vec4 8;
    %jmp/0xz  T_4.0, 8;
    %load/vec4 v0x564067b81c40_0;
    %assign/vec4 v0x564067b81d90_0, 0;
T_4.0 ;
    %jmp T_4;
    .thread T_4, $push;
    .scope S_0x564067b81ff0;
T_5 ;
    %wait E_0x564067b821d0;
    %pushi/vec4 1, 0, 1;
    %ix/load 4, 0, 0;
    %flag_set/imm 4, 0;
    %store/vec4 v0x564067b82250_0, 4, 1;
    %pushi/vec4 1, 0, 1;
    %ix/load 4, 1, 0;
    %flag_set/imm 4, 0;
    %store/vec4 v0x564067b82250_0, 4, 1;
    %pushi/vec4 1, 0, 1;
    %ix/load 4, 2, 0;
    %flag_set/imm 4, 0;
    %store/vec4 v0x564067b82250_0, 4, 1;
    %pushi/vec4 1, 0, 1;
    %ix/load 4, 3, 0;
    %flag_set/imm 4, 0;
    %store/vec4 v0x564067b82250_0, 4, 1;
    %load/vec4 v0x564067b82350_0;
    %parti/s 1, 0, 2;
    %cmpi/e 0, 0, 1;
    %jmp/0xz  T_5.0, 4;
    %pushi/vec4 0, 0, 1;
    %ix/load 4, 0, 0;
    %flag_set/imm 4, 0;
    %store/vec4 v0x564067b82250_0, 4, 1;
    %pushi/vec4 1, 0, 1;
    %ix/load 4, 1, 0;
    %flag_set/imm 4, 0;
    %store/vec4 v0x564067b82250_0, 4, 1;
    %pushi/vec4 1, 0, 1;
    %ix/load 4, 2, 0;
    %flag_set/imm 4, 0;
    %store/vec4 v0x564067b82250_0, 4, 1;
    %pushi/vec4 1, 0, 1;
    %ix/load 4, 3, 0;
    %flag_set/imm 4, 0;
    %store/vec4 v0x564067b82250_0, 4, 1;
    %jmp T_5.1;
T_5.0 ;
    %load/vec4 v0x564067b82350_0;
    %parti/s 1, 1, 2;
    %cmpi/e 0, 0, 1;
    %jmp/0xz  T_5.2, 4;
    %pushi/vec4 1, 0, 1;
    %ix/load 4, 0, 0;
    %flag_set/imm 4, 0;
    %store/vec4 v0x564067b82250_0, 4, 1;
    %pushi/vec4 0, 0, 1;
    %ix/load 4, 1, 0;
    %flag_set/imm 4, 0;
    %store/vec4 v0x564067b82250_0, 4, 1;
    %pushi/vec4 1, 0, 1;
    %ix/load 4, 2, 0;
    %flag_set/imm 4, 0;
    %store/vec4 v0x564067b82250_0, 4, 1;
    %pushi/vec4 1, 0, 1;
    %ix/load 4, 3, 0;
    %flag_set/imm 4, 0;
    %store/vec4 v0x564067b82250_0, 4, 1;
    %jmp T_5.3;
T_5.2 ;
    %load/vec4 v0x564067b82350_0;
    %parti/s 1, 2, 3;
    %cmpi/e 0, 0, 1;
    %jmp/0xz  T_5.4, 4;
    %pushi/vec4 0, 0, 1;
    %ix/load 4, 0, 0;
    %flag_set/imm 4, 0;
    %store/vec4 v0x564067b82250_0, 4, 1;
    %pushi/vec4 0, 0, 1;
    %ix/load 4, 1, 0;
    %flag_set/imm 4, 0;
    %store/vec4 v0x564067b82250_0, 4, 1;
    %pushi/vec4 1, 0, 1;
    %ix/load 4, 2, 0;
    %flag_set/imm 4, 0;
    %store/vec4 v0x564067b82250_0, 4, 1;
    %pushi/vec4 1, 0, 1;
    %ix/load 4, 3, 0;
    %flag_set/imm 4, 0;
    %store/vec4 v0x564067b82250_0, 4, 1;
    %jmp T_5.5;
T_5.4 ;
    %load/vec4 v0x564067b82350_0;
    %parti/s 1, 3, 3;
    %cmpi/e 0, 0, 1;
    %jmp/0xz  T_5.6, 4;
    %pushi/vec4 1, 0, 1;
    %ix/load 4, 0, 0;
    %flag_set/imm 4, 0;
    %store/vec4 v0x564067b82250_0, 4, 1;
    %pushi/vec4 1, 0, 1;
    %ix/load 4, 1, 0;
    %flag_set/imm 4, 0;
    %store/vec4 v0x564067b82250_0, 4, 1;
    %pushi/vec4 0, 0, 1;
    %ix/load 4, 2, 0;
    %flag_set/imm 4, 0;
    %store/vec4 v0x564067b82250_0, 4, 1;
    %pushi/vec4 1, 0, 1;
    %ix/load 4, 3, 0;
    %flag_set/imm 4, 0;
    %store/vec4 v0x564067b82250_0, 4, 1;
    %jmp T_5.7;
T_5.6 ;
    %load/vec4 v0x564067b82350_0;
    %parti/s 1, 4, 4;
    %cmpi/e 0, 0, 1;
    %jmp/0xz  T_5.8, 4;
    %pushi/vec4 0, 0, 1;
    %ix/load 4, 0, 0;
    %flag_set/imm 4, 0;
    %store/vec4 v0x564067b82250_0, 4, 1;
    %pushi/vec4 1, 0, 1;
    %ix/load 4, 1, 0;
    %flag_set/imm 4, 0;
    %store/vec4 v0x564067b82250_0, 4, 1;
    %pushi/vec4 0, 0, 1;
    %ix/load 4, 2, 0;
    %flag_set/imm 4, 0;
    %store/vec4 v0x564067b82250_0, 4, 1;
    %pushi/vec4 1, 0, 1;
    %ix/load 4, 3, 0;
    %flag_set/imm 4, 0;
    %store/vec4 v0x564067b82250_0, 4, 1;
    %jmp T_5.9;
T_5.8 ;
    %load/vec4 v0x564067b82350_0;
    %parti/s 1, 5, 4;
    %cmpi/e 0, 0, 1;
    %jmp/0xz  T_5.10, 4;
    %pushi/vec4 1, 0, 1;
    %ix/load 4, 0, 0;
    %flag_set/imm 4, 0;
    %store/vec4 v0x564067b82250_0, 4, 1;
    %pushi/vec4 0, 0, 1;
    %ix/load 4, 1, 0;
    %flag_set/imm 4, 0;
    %store/vec4 v0x564067b82250_0, 4, 1;
    %pushi/vec4 0, 0, 1;
    %ix/load 4, 2, 0;
    %flag_set/imm 4, 0;
    %store/vec4 v0x564067b82250_0, 4, 1;
    %pushi/vec4 1, 0, 1;
    %ix/load 4, 3, 0;
    %flag_set/imm 4, 0;
    %store/vec4 v0x564067b82250_0, 4, 1;
    %jmp T_5.11;
T_5.10 ;
    %load/vec4 v0x564067b82350_0;
    %parti/s 1, 6, 4;
    %cmpi/e 0, 0, 1;
    %jmp/0xz  T_5.12, 4;
    %pushi/vec4 0, 0, 1;
    %ix/load 4, 0, 0;
    %flag_set/imm 4, 0;
    %store/vec4 v0x564067b82250_0, 4, 1;
    %pushi/vec4 0, 0, 1;
    %ix/load 4, 1, 0;
    %flag_set/imm 4, 0;
    %store/vec4 v0x564067b82250_0, 4, 1;
    %pushi/vec4 0, 0, 1;
    %ix/load 4, 2, 0;
    %flag_set/imm 4, 0;
    %store/vec4 v0x564067b82250_0, 4, 1;
    %pushi/vec4 1, 0, 1;
    %ix/load 4, 3, 0;
    %flag_set/imm 4, 0;
    %store/vec4 v0x564067b82250_0, 4, 1;
    %jmp T_5.13;
T_5.12 ;
    %load/vec4 v0x564067b82350_0;
    %parti/s 1, 7, 4;
    %cmpi/e 0, 0, 1;
    %jmp/0xz  T_5.14, 4;
    %pushi/vec4 1, 0, 1;
    %ix/load 4, 0, 0;
    %flag_set/imm 4, 0;
    %store/vec4 v0x564067b82250_0, 4, 1;
    %pushi/vec4 1, 0, 1;
    %ix/load 4, 1, 0;
    %flag_set/imm 4, 0;
    %store/vec4 v0x564067b82250_0, 4, 1;
    %pushi/vec4 1, 0, 1;
    %ix/load 4, 2, 0;
    %flag_set/imm 4, 0;
    %store/vec4 v0x564067b82250_0, 4, 1;
    %pushi/vec4 0, 0, 1;
    %ix/load 4, 3, 0;
    %flag_set/imm 4, 0;
    %store/vec4 v0x564067b82250_0, 4, 1;
    %jmp T_5.15;
T_5.14 ;
    %load/vec4 v0x564067b82350_0;
    %parti/s 1, 8, 5;
    %cmpi/e 0, 0, 1;
    %jmp/0xz  T_5.16, 4;
    %pushi/vec4 0, 0, 1;
    %ix/load 4, 0, 0;
    %flag_set/imm 4, 0;
    %store/vec4 v0x564067b82250_0, 4, 1;
    %pushi/vec4 1, 0, 1;
    %ix/load 4, 1, 0;
    %flag_set/imm 4, 0;
    %store/vec4 v0x564067b82250_0, 4, 1;
    %pushi/vec4 1, 0, 1;
    %ix/load 4, 2, 0;
    %flag_set/imm 4, 0;
    %store/vec4 v0x564067b82250_0, 4, 1;
    %pushi/vec4 0, 0, 1;
    %ix/load 4, 3, 0;
    %flag_set/imm 4, 0;
    %store/vec4 v0x564067b82250_0, 4, 1;
    %jmp T_5.17;
T_5.16 ;
    %load/vec4 v0x564067b82350_0;
    %parti/s 1, 9, 5;
    %cmpi/e 0, 0, 1;
    %jmp/0xz  T_5.18, 4;
    %pushi/vec4 1, 0, 1;
    %ix/load 4, 0, 0;
    %flag_set/imm 4, 0;
    %store/vec4 v0x564067b82250_0, 4, 1;
    %pushi/vec4 0, 0, 1;
    %ix/load 4, 1, 0;
    %flag_set/imm 4, 0;
    %store/vec4 v0x564067b82250_0, 4, 1;
    %pushi/vec4 1, 0, 1;
    %ix/load 4, 2, 0;
    %flag_set/imm 4, 0;
    %store/vec4 v0x564067b82250_0, 4, 1;
    %pushi/vec4 0, 0, 1;
    %ix/load 4, 3, 0;
    %flag_set/imm 4, 0;
    %store/vec4 v0x564067b82250_0, 4, 1;
T_5.18 ;
T_5.17 ;
T_5.15 ;
T_5.13 ;
T_5.11 ;
T_5.9 ;
T_5.7 ;
T_5.5 ;
T_5.3 ;
T_5.1 ;
    %jmp T_5;
    .thread T_5, $push;
    .scope S_0x564067b80200;
T_6 ;
    %wait E_0x564067b80430;
    %load/vec4 v0x564067b804b0_0;
    %dup/vec4;
    %pushi/vec4 0, 0, 4;
    %cmp/u;
    %jmp/1 T_6.0, 6;
    %dup/vec4;
    %pushi/vec4 1, 0, 4;
    %cmp/u;
    %jmp/1 T_6.1, 6;
    %dup/vec4;
    %pushi/vec4 2, 0, 4;
    %cmp/u;
    %jmp/1 T_6.2, 6;
    %dup/vec4;
    %pushi/vec4 3, 0, 4;
    %cmp/u;
    %jmp/1 T_6.3, 6;
    %dup/vec4;
    %pushi/vec4 4, 0, 4;
    %cmp/u;
    %jmp/1 T_6.4, 6;
    %jmp T_6.5;
T_6.0 ;
    %pushi/vec4 126, 0, 7;
    %store/vec4 v0x564067b805b0_0, 0, 7;
    %jmp T_6.5;
T_6.1 ;
    %pushi/vec4 48, 0, 7;
    %store/vec4 v0x564067b805b0_0, 0, 7;
    %jmp T_6.5;
T_6.2 ;
    %pushi/vec4 109, 0, 7;
    %store/vec4 v0x564067b805b0_0, 0, 7;
    %jmp T_6.5;
T_6.3 ;
    %pushi/vec4 121, 0, 7;
    %store/vec4 v0x564067b805b0_0, 0, 7;
    %jmp T_6.5;
T_6.4 ;
    %pushi/vec4 51, 0, 7;
    %store/vec4 v0x564067b805b0_0, 0, 7;
    %jmp T_6.5;
T_6.5 ;
    %pop/vec4 1;
    %jmp T_6;
    .thread T_6, $push;
    .scope S_0x564067b5fc80;
T_7 ;
    %vpi_call 3 25 "$monitor", "p1p2p3p4=%b%b%b%b\011out=%7b", v0x564067b82490_0, v0x564067b82550_0, v0x564067b82610_0, v0x564067b826e0_0, v0x564067b82d80_0 {0 0 0};
    %end;
    .thread T_7;
# The file index is used to find the file name in the following table.
:file_names 8;
    "N/A";
    "<interactive>";
    "./dlatch.v";
    "main.v";
    "./seven.v";
    "./inverter.v";
    "./ic7475.v";
    "./pencoder.v";
